<?xml version="1.0" encoding="UTF-8" standalone="no"?>
<!DOCTYPE log SYSTEM "logger.dtd">
<log>
<record>
  <date>2021-12-03T00:19:31.736290300Z</date>
  <millis>1638490771736</millis>
  <nanos>290300</nanos>
  <sequence>0</sequence>
  <logger>logFile</logger>
  <level>INFO</level>
  <class>com.company.ClientHandler</class>
  <method>run</method>
  <thread>14</thread>
  <message>Username: usr1 successfully connected at: 2021-12-03T00:19:31.716916200Z</message>
</record>
<record>
  <date>2021-12-03T00:19:48.364935400Z</date>
  <millis>1638490788364</millis>
  <nanos>935400</nanos>
  <sequence>1</sequence>
  <logger>logFile</logger>
  <level>INFO</level>
  <class>com.company.ClientHandler</class>
  <method>run</method>
  <thread>14</thread>
  <message>Username: usr1 successfully disconnected at: 2021-12-03T00:19:48.364437700Z</message>
</record>
<record>
  <date>2021-12-03T00:20:07.909240200Z</date>
  <millis>1638490807909</millis>
  <nanos>240200</nanos>
  <sequence>2</sequence>
  <logger>logFile</logger>
  <level>INFO</level>
  <class>com.company.ClientHandler</class>
  <method>run</method>
  <thread>16</thread>
  <message>Username: usrX successfully connected at: 2021-12-03T00:20:07.909240200Z</message>
</record>
<record>
  <date>2021-12-03T00:20:11.835991200Z</date>
  <millis>1638490811835</millis>
  <nanos>991200</nanos>
  <sequence>3</sequence>
  <logger>logFile</logger>
  <level>SEVERE</level>
  <class>com.company.ClientHandler</class>
  <method>run</method>
  <thread>16</thread>
  <message>Error connection: unclean disconnect at: 2021-12-03T00:20:11.834999500Z</message>
</record>
